
Created on: 2020-12-14 19:25 local
    Station file: "False"
    Parameter file: "GulfMexico.seaplan.yaml"
    Boat speed, latency = (10kts, 0.25h)
    Default action times (h)= {})

+------------------+-----------------------+--------------+-----------------------+
|    EVENT         |    POSITION           |   TRANSIT    |     STATION TIME      |
| Station | Action |    Lat    |    Lon    | hours(nmiles)|   Arrive  |   Depart  |
+=========+========+===========+===========+==============+===========+===========+
|    *Saturday, 23 February*                                                      |
| Galvest |        |  29d18.1m | -94d47.9m |  0.2 (  0.0) |   08:15   |  *08:00*  |
+=========+========+===========+===========+==============+===========+===========+
|    *Sunday, 24 February*                                                        |
| ST_1    |        |  25d00.0m | -95d00.0m | 26.1 (258.5) |   10:05   |   12:05   |
+=========+========+===========+===========+==============+===========+===========+
|    *Monday, 25 February*                                                        |
| ST_2    |        |  24d00.0m | -90d00.0m | 28.2 (279.7) |   16:18   |   18:18   |
+=========+========+===========+===========+==============+===========+===========+
|    *Wednesday, 27 February*                                                     |
| Naples, |        |  26d08.5m | -81d47.7m | 46.7 (464.3) |   16:59   |   00:59   |
+=========+========+===========+===========+==============+===========+===========+
|    *Sunday, 03 March*                                                           |
| Galvest |        |  29d18.1m | -94d47.9m | 71.6 (716.2) |   00:36   |   00:36   |
+---------+--------+-----------+-----------+--------------+-----------+-----------+
(reStructuredText)
