
Created on: 2020-12-14 19:23 local
    Station file: "MayOBS_stations.csv"
    Parameter file: "MayOBS.seaplan.yaml"
    Boat speed, latency = (7kts, 0.2h)
    Default action times (h)= {'Deploy': {'SP': 0.25, 'BB': 0.5, 'default': 0.5}, 'Survey': {'default': 2.0}})

+------------------+-----------------------+--------------+-----------------------+
|    EVENT         |    POSITION           |   TRANSIT    |     STATION TIME      |
| Station | Action |    Lat    |    Lon    | hours(nmiles)|   Arrive  |   Depart  |
+=========+========+===========+===========+==============+===========+===========+
|    *Saturday, 23 February*                                                      |
| Port    |        | -12d43.2m |  45d09.6m |  0.0 (  0.0) |  *06:00*  |  *08:00*  |
| Pilot   |        | -12d41.4m |  45d09.6m |  0.3 (  1.8) |   08:15   |   08:15   |
| MONO    | Acoust | -12d41.7m |  45d27.2m |  2.7 ( 17.2) |   10:54   |   13:54   |
| MONO    | Deploy | -12d41.7m |  45d27.2m |  0.2 (  0.0) |  *18:00*  |  *19:20*  |
| MONN    |        | -12d31.0m |  45d39.5m |  2.3 ( 16.1) |  *18:00*  |  *19:20*  |
+=========+========+===========+===========+==============+===========+===========+
|    *Sunday, 24 February*                                                        |
| MONO    | Survey | -12d41.7m |  45d27.2m |  2.5 ( 16.1) |  *03:56*  |  *05:15*  |
| MONN    | Deploy | -12d31.0m |  45d39.5m |  2.5 ( 16.1) |   07:44   |  *07:24*  |
| MONE    | Deploy | -12d40.0m |  45d48.2m |  2.0 ( 12.4) |   09:22   |  *12:15*  |
| MOCE    | Deploy | -12d48.5m |  45d38.0m |  2.1 ( 13.1) |   14:19   |  *14:22*  |
| MOSE    | Deploy | -12d58.0m |  45d49.0m |  2.2 ( 14.3) |   16:36   |  *17:35*  |
| MONE    | Survey | -12d40.0m |  45d48.2m |  2.8 ( 18.0) |  *20:05*  |  *22:26*  |
+=========+========+===========+===========+==============+===========+===========+
|    *Monday, 25 February*                                                        |
| MONN    | Survey | -12d31.0m |  45d39.5m |  2.0 ( 12.4) |  *00:50*  |  *03:09*  |
| MOCE    | Survey | -12d48.5m |  45d38.0m |  2.7 ( 17.6) |  *06:55*  |  *08:38*  |
| MOSO    | Deploy | -13d00.4m |  45d28.8m |  2.3 ( 14.9) |  *11:37*  |  *11:44*  |
| MOSE    | Survey | -12d58.0m |  45d49.0m |  3.0 ( 19.8) |   14:46   |   16:46   |
| MOSO    | Survey | -13d00.4m |  45d28.8m |  3.0 ( 19.8) |   19:48   |   21:48   |
+=========+========+===========+===========+==============+===========+===========+
|    *Tuesday, 26 February*                                                       |
| Pt Nord | Waypt  | -12d43.8m |  45d18.0m |  2.8 ( 19.7) |   00:36   |   00:36   |
| Pilot   | Waypt  | -12d41.4m |  45d09.6m |  1.2 (  8.5) |   01:50   |   01:50   |
| Port    |        | -12d43.2m |  45d09.6m |  0.3 (  1.8) |   02:05   |   02:05   |
+---------+--------+-----------+-----------+--------------+-----------+-----------+
(reStructuredText)
