2021-01-09 10:50:20.343 INFO alertHandler - <module>: Starting alertHandler
2021-01-09 10:50:20.347 INFO alertHandler - <module>: {'testCrash': {'alerts': ['STARTING', 'RUNNING', 'BACKOFF', 'STOPPING', 'FATAL', 'EXITED', 'STOPPED', 'UNKNOWN'], 'message_format': '**{{process_name}}** changed from {{from_state}} to state {{to_state}} at {{timestamp}}', 'webhookURL': 'https://discord.com/api/webhooks/796184182594338898/6wTbxY49_u4Ytepj0t7f_5p49sKPYoQi35rRGGFaVSs9G3jtVhf8kM9WeC7OdgVMLPI8'}}
2021-01-09 10:50:32.952 INFO alertHandler - <module>: Starting alertHandler
2021-01-09 10:50:32.956 INFO alertHandler - <module>: {'testCrash': {'alerts': ['STARTING', 'RUNNING', 'BACKOFF', 'STOPPING', 'FATAL', 'EXITED', 'STOPPED', 'UNKNOWN'], 'message_format': '**{{process_name}}** changed from {{from_state}} to state {{to_state}} at {{timestamp}}', 'webhookURL': 'https://discord.com/api/webhooks/796184182594338898/6wTbxY49_u4Ytepj0t7f_5p49sKPYoQi35rRGGFaVSs9G3jtVhf8kM9WeC7OdgVMLPI8'}}
2021-01-09 10:50:48.213 INFO alertHandler - <module>: Starting alertHandler
2021-01-09 10:50:48.216 INFO alertHandler - <module>: {'testCrash': {'alerts': ['STARTING', 'RUNNING', 'BACKOFF', 'STOPPING', 'FATAL', 'EXITED', 'STOPPED', 'UNKNOWN'], 'message_format': '**{{process_name}}** changed from {{from_state}} to state {{to_state}} at {{timestamp}}', 'webhookURL': 'https://discord.com/api/webhooks/796184182594338898/6wTbxY49_u4Ytepj0t7f_5p49sKPYoQi35rRGGFaVSs9G3jtVhf8kM9WeC7OdgVMLPI8'}}
2021-01-09 10:51:09.191 INFO alertHandler - <module>: Starting alertHandler
2021-01-09 10:51:09.194 INFO alertHandler - <module>: {'testCrash': {'alerts': ['STARTING', 'RUNNING', 'BACKOFF', 'STOPPING', 'FATAL', 'EXITED', 'STOPPED', 'UNKNOWN'], 'message_format': '**{{process_name}}** changed from {{from_state}} to state {{to_state}} at {{timestamp}}', 'webhookURL': 'https://discord.com/api/webhooks/796184182594338898/6wTbxY49_u4Ytepj0t7f_5p49sKPYoQi35rRGGFaVSs9G3jtVhf8kM9WeC7OdgVMLPI8'}}
2021-01-09 10:52:14.967 INFO alertHandler - <module>: Starting alertHandler
2021-01-09 10:52:14.974 INFO alertHandler - <module>: {'testCrash': {'alerts': ['STARTING', 'RUNNING', 'BACKOFF', 'STOPPING', 'FATAL', 'EXITED', 'STOPPED', 'UNKNOWN'], 'message_format': '**{{process_name}}** changed from {{from_state}} to state {{to_state}} at {{timestamp}}', 'webhookURL': 'https://discord.com/api/webhooks/796184182594338898/6wTbxY49_u4Ytepj0t7f_5p49sKPYoQi35rRGGFaVSs9G3jtVhf8kM9WeC7OdgVMLPI8'}}
2021-01-09 10:53:42.881 INFO alertHandler - <module>: Starting alertHandler
2021-01-09 10:53:42.883 INFO alertHandler - <module>: {'testCrash': {'alerts': ['STARTING', 'RUNNING', 'BACKOFF', 'STOPPING', 'FATAL', 'EXITED', 'STOPPED', 'UNKNOWN'], 'message_format': '**{{process_name}}** changed from {{from_state}} to state {{to_state}} at {{timestamp}}', 'webhookURL': 'https://discord.com/api/webhooks/796184182594338898/6wTbxY49_u4Ytepj0t7f_5p49sKPYoQi35rRGGFaVSs9G3jtVhf8kM9WeC7OdgVMLPI8'}}
2021-01-09 10:58:54.308 INFO alertHandler - <module>: Starting alertHandler
2021-01-09 10:58:54.312 INFO alertHandler - <module>: {'testCrash': {'alerts': ['STARTING', 'RUNNING', 'BACKOFF', 'STOPPING', 'FATAL', 'EXITED', 'STOPPED', 'UNKNOWN'], 'message_format': '**{{process_name}}** changed from {{from_state}} to state {{to_state}} at {{timestamp}}', 'webhookURL': 'https://discord.com/api/webhooks/796184182594338898/6wTbxY49_u4Ytepj0t7f_5p49sKPYoQi35rRGGFaVSs9G3jtVhf8kM9WeC7OdgVMLPI8'}}
2021-01-09 11:05:35.065 INFO alertHandler - <module>: Starting alertHandler
2021-01-09 11:05:35.068 INFO alertHandler - <module>: {'testCrash': {'alerts': ['STARTING', 'RUNNING', 'BACKOFF', 'STOPPING', 'FATAL', 'EXITED', 'STOPPED', 'UNKNOWN'], 'message_format': '**{{process_name}}** changed from {{from_state}} to state {{to_state}} at %a', 'webhookURL': 'https://discord.com/api/webhooks/796184182594338898/6wTbxY49_u4Ytepj0t7f_5p49sKPYoQi35rRGGFaVSs9G3jtVhf8kM9WeC7OdgVMLPI8'}}
2021-01-09 11:06:11.131 INFO alertHandler - <module>: Starting alertHandler
2021-01-09 11:06:11.141 INFO alertHandler - <module>: {'testCrash': {'alerts': ['STARTING', 'RUNNING', 'BACKOFF', 'STOPPING', 'FATAL', 'EXITED', 'STOPPED', 'UNKNOWN'], 'message_format': '**{{process_name}}** changed from {{from_state}} to state {{to_state}} at %a', 'webhookURL': 'https://discord.com/api/webhooks/796184182594338898/6wTbxY49_u4Ytepj0t7f_5p49sKPYoQi35rRGGFaVSs9G3jtVhf8kM9WeC7OdgVMLPI8'}}
2021-01-09 11:06:12.146 INFO alertHandler - notify_user: Could not find process supervisorDSA
2021-01-09 11:06:12.146 INFO alertHandler - notify_user: Could not find process supervisorDSA
2021-01-09 11:06:13.571 INFO alertHandler - <module>: Starting alertHandler
2021-01-09 11:06:13.574 INFO alertHandler - <module>: {'testCrash': {'alerts': ['STARTING', 'RUNNING', 'BACKOFF', 'STOPPING', 'FATAL', 'EXITED', 'STOPPED', 'UNKNOWN'], 'message_format': '**{{process_name}}** changed from {{from_state}} to state {{to_state}} at %a', 'webhookURL': 'https://discord.com/api/webhooks/796184182594338898/6wTbxY49_u4Ytepj0t7f_5p49sKPYoQi35rRGGFaVSs9G3jtVhf8kM9WeC7OdgVMLPI8'}}
2021-01-09 11:06:14.577 INFO alertHandler - notify_user: Could not find process supervisorDSA
2021-01-09 11:06:14.583 INFO alertHandler - notify_user: Could not find process supervisorDSA
2021-01-09 11:06:14.583 INFO alertHandler - notify_user: Could not find process supervisorDSA
2021-01-09 11:06:14.585 INFO alertHandler - notify_user: Found process testCrash
2021-01-09 11:06:14.585 INFO alertHandler - formatMessage: Replacing {{process_name}} with testCrash
2021-01-09 11:06:14.585 INFO alertHandler - formatMessage: Replacing {{from_state}} with FATAL
2021-01-09 11:06:14.585 INFO alertHandler - formatMessage: Replacing {{to_state}} with STARTING
2021-01-09 11:06:14.585 INFO alertHandler - formatMessage: Formatted message to: **testCrash** changed from FATAL to state STARTING at Sat
2021-01-09 11:06:14.991 INFO alertHandler - notify_user: Found process testCrash
2021-01-09 11:06:14.991 INFO alertHandler - formatMessage: Replacing {{process_name}} with testCrash
2021-01-09 11:06:14.991 INFO alertHandler - formatMessage: Replacing {{from_state}} with STARTING
2021-01-09 11:06:14.991 INFO alertHandler - formatMessage: Replacing {{to_state}} with BACKOFF
2021-01-09 11:06:14.992 INFO alertHandler - formatMessage: Formatted message to: **testCrash** changed from STARTING to state BACKOFF at Sat
2021-01-09 11:06:15.621 INFO alertHandler - notify_user: Could not find process supervisorDSA
2021-01-09 11:06:15.625 INFO alertHandler - notify_user: Found process testCrash
2021-01-09 11:06:15.625 INFO alertHandler - formatMessage: Replacing {{process_name}} with testCrash
2021-01-09 11:06:15.625 INFO alertHandler - formatMessage: Replacing {{from_state}} with BACKOFF
2021-01-09 11:06:15.626 INFO alertHandler - formatMessage: Replacing {{to_state}} with STARTING
2021-01-09 11:06:15.628 INFO alertHandler - formatMessage: Formatted message to: **testCrash** changed from BACKOFF to state STARTING at Sat
2021-01-09 11:06:16.227 INFO alertHandler - notify_user: Found process testCrash
2021-01-09 11:06:16.228 INFO alertHandler - formatMessage: Replacing {{process_name}} with testCrash
2021-01-09 11:06:16.228 INFO alertHandler - formatMessage: Replacing {{from_state}} with STARTING
2021-01-09 11:06:16.229 INFO alertHandler - formatMessage: Replacing {{to_state}} with BACKOFF
2021-01-09 11:06:16.229 INFO alertHandler - formatMessage: Formatted message to: **testCrash** changed from STARTING to state BACKOFF at Sat
2021-01-09 11:06:16.839 INFO alertHandler - notify_user: Found process testCrash
2021-01-09 11:06:16.839 INFO alertHandler - formatMessage: Replacing {{process_name}} with testCrash
2021-01-09 11:06:16.839 INFO alertHandler - formatMessage: Replacing {{from_state}} with BACKOFF
2021-01-09 11:06:16.839 INFO alertHandler - formatMessage: Replacing {{to_state}} with STARTING
2021-01-09 11:06:16.839 INFO alertHandler - formatMessage: Formatted message to: **testCrash** changed from BACKOFF to state STARTING at Sat
2021-01-09 11:06:17.212 INFO alertHandler - notify_user: Found process testCrash
2021-01-09 11:06:17.212 INFO alertHandler - formatMessage: Replacing {{process_name}} with testCrash
2021-01-09 11:06:17.212 INFO alertHandler - formatMessage: Replacing {{from_state}} with STARTING
2021-01-09 11:06:17.212 INFO alertHandler - formatMessage: Replacing {{to_state}} with BACKOFF
2021-01-09 11:06:17.212 INFO alertHandler - formatMessage: Formatted message to: **testCrash** changed from STARTING to state BACKOFF at Sat
2021-01-09 11:06:20.591 INFO alertHandler - notify_user: Found process testCrash
2021-01-09 11:06:20.592 INFO alertHandler - formatMessage: Replacing {{process_name}} with testCrash
2021-01-09 11:06:20.592 INFO alertHandler - formatMessage: Replacing {{from_state}} with BACKOFF
2021-01-09 11:06:20.592 INFO alertHandler - formatMessage: Replacing {{to_state}} with STARTING
2021-01-09 11:06:20.592 INFO alertHandler - formatMessage: Formatted message to: **testCrash** changed from BACKOFF to state STARTING at Sat
2021-01-09 11:06:21.131 INFO alertHandler - notify_user: Found process testCrash
2021-01-09 11:06:21.131 INFO alertHandler - formatMessage: Replacing {{process_name}} with testCrash
2021-01-09 11:06:21.131 INFO alertHandler - formatMessage: Replacing {{from_state}} with STARTING
2021-01-09 11:06:21.131 INFO alertHandler - formatMessage: Replacing {{to_state}} with BACKOFF
2021-01-09 11:06:21.131 INFO alertHandler - formatMessage: Formatted message to: **testCrash** changed from STARTING to state BACKOFF at Sat
2021-01-09 11:06:21.747 INFO alertHandler - notify_user: Found process testCrash
2021-01-09 11:06:21.747 INFO alertHandler - formatMessage: Replacing {{process_name}} with testCrash
2021-01-09 11:06:21.747 INFO alertHandler - formatMessage: Replacing {{from_state}} with BACKOFF
2021-01-09 11:06:21.747 INFO alertHandler - formatMessage: Replacing {{to_state}} with FATAL
2021-01-09 11:06:21.747 INFO alertHandler - formatMessage: Formatted message to: **testCrash** changed from BACKOFF to state FATAL at Sat
2021-01-09 11:14:44.984 INFO alertHandler - <module>: Starting alertHandler
2021-01-09 11:14:44.989 INFO alertHandler - <module>: {'test': {'alerts': ['STARTING', 'RUNNING', 'BACKOFF', 'STOPPING', 'FATAL', 'EXITED', 'STOPPED', 'UNKNOWN'], 'message_format': '{{process_name}} changed to state {{to_state}}', 'webhookURL': 'https://discord.com/api/webhooks/796184182594338898/6wTbxY49_u4Ytepj0t7f_5p49sKPYoQi35rRGGFaVSs9G3jtVhf8kM9WeC7OdgVMLPI8'}, 'testCrash': {'alerts': ['STARTING', 'RUNNING', 'BACKOFF', 'STOPPING', 'FATAL', 'EXITED', 'STOPPED', 'UNKNOWN'], 'message_format': '{{process_name}} changed to state {{to_state}}', 'webhookURL': 'https://discord.com/api/webhooks/796184182594338898/6wTbxY49_u4Ytepj0t7f_5p49sKPYoQi35rRGGFaVSs9G3jtVhf8kM9WeC7OdgVMLPI8'}}
2021-01-09 11:14:45.992 INFO alertHandler - notify_user: Could not find process supervisorDSA
2021-01-09 11:14:46.000 INFO alertHandler - notify_user: Could not find process supervisorDSA
2021-01-09 11:14:46.001 INFO alertHandler - notify_user: Could not find process supervisorDSA
2021-01-09 11:14:46.002 INFO alertHandler - notify_user: Found process testCrash
2021-01-09 11:14:46.002 INFO alertHandler - formatMessage: Replacing {{process_name}} with testCrash
2021-01-09 11:14:46.002 INFO alertHandler - formatMessage: Replacing {{from_state}} with FATAL
2021-01-09 11:14:46.002 INFO alertHandler - formatMessage: Replacing {{to_state}} with STARTING
2021-01-09 11:14:46.002 INFO alertHandler - formatMessage: Formatted message to: testCrash changed to state STARTING
2021-01-09 11:14:46.501 INFO alertHandler - notify_user: Found process testCrash
2021-01-09 11:14:46.501 INFO alertHandler - formatMessage: Replacing {{process_name}} with testCrash
2021-01-09 11:14:46.502 INFO alertHandler - formatMessage: Replacing {{from_state}} with STARTING
2021-01-09 11:14:46.502 INFO alertHandler - formatMessage: Replacing {{to_state}} with BACKOFF
2021-01-09 11:14:46.502 INFO alertHandler - formatMessage: Formatted message to: testCrash changed to state BACKOFF
2021-01-09 11:14:46.872 INFO alertHandler - notify_user: Could not find process supervisorDSA
2021-01-09 11:14:46.873 INFO alertHandler - notify_user: Found process testCrash
2021-01-09 11:14:46.873 INFO alertHandler - formatMessage: Replacing {{process_name}} with testCrash
2021-01-09 11:14:46.873 INFO alertHandler - formatMessage: Replacing {{from_state}} with BACKOFF
2021-01-09 11:14:46.873 INFO alertHandler - formatMessage: Replacing {{to_state}} with STARTING
2021-01-09 11:14:46.873 INFO alertHandler - formatMessage: Formatted message to: testCrash changed to state STARTING
2021-01-09 11:14:47.423 INFO alertHandler - notify_user: Found process testCrash
2021-01-09 11:14:47.423 INFO alertHandler - formatMessage: Replacing {{process_name}} with testCrash
2021-01-09 11:14:47.423 INFO alertHandler - formatMessage: Replacing {{from_state}} with STARTING
2021-01-09 11:14:47.423 INFO alertHandler - formatMessage: Replacing {{to_state}} with BACKOFF
2021-01-09 11:14:47.424 INFO alertHandler - formatMessage: Formatted message to: testCrash changed to state BACKOFF
2021-01-09 11:14:48.860 INFO alertHandler - notify_user: Found process testCrash
2021-01-09 11:14:48.860 INFO alertHandler - formatMessage: Replacing {{process_name}} with testCrash
2021-01-09 11:14:48.860 INFO alertHandler - formatMessage: Replacing {{from_state}} with BACKOFF
2021-01-09 11:14:48.860 INFO alertHandler - formatMessage: Replacing {{to_state}} with STARTING
2021-01-09 11:14:48.860 INFO alertHandler - formatMessage: Formatted message to: testCrash changed to state STARTING
2021-01-09 11:14:49.269 INFO alertHandler - notify_user: Found process testCrash
2021-01-09 11:14:49.269 INFO alertHandler - formatMessage: Replacing {{process_name}} with testCrash
2021-01-09 11:14:49.269 INFO alertHandler - formatMessage: Replacing {{from_state}} with STARTING
2021-01-09 11:14:49.269 INFO alertHandler - formatMessage: Replacing {{to_state}} with BACKOFF
2021-01-09 11:14:49.270 INFO alertHandler - formatMessage: Formatted message to: testCrash changed to state BACKOFF
2021-01-09 11:14:51.871 INFO alertHandler - notify_user: Found process testCrash
2021-01-09 11:14:51.871 INFO alertHandler - formatMessage: Replacing {{process_name}} with testCrash
2021-01-09 11:14:51.871 INFO alertHandler - formatMessage: Replacing {{from_state}} with BACKOFF
2021-01-09 11:14:51.871 INFO alertHandler - formatMessage: Replacing {{to_state}} with STARTING
2021-01-09 11:14:51.871 INFO alertHandler - formatMessage: Formatted message to: testCrash changed to state STARTING
2021-01-09 11:14:52.318 INFO alertHandler - notify_user: Found process testCrash
2021-01-09 11:14:52.318 INFO alertHandler - formatMessage: Replacing {{process_name}} with testCrash
2021-01-09 11:14:52.318 INFO alertHandler - formatMessage: Replacing {{from_state}} with STARTING
2021-01-09 11:14:52.318 INFO alertHandler - formatMessage: Replacing {{to_state}} with BACKOFF
2021-01-09 11:14:52.319 INFO alertHandler - formatMessage: Formatted message to: testCrash changed to state BACKOFF
2021-01-09 11:14:52.694 INFO alertHandler - notify_user: Found process testCrash
2021-01-09 11:14:52.694 INFO alertHandler - formatMessage: Replacing {{process_name}} with testCrash
2021-01-09 11:14:52.694 INFO alertHandler - formatMessage: Replacing {{from_state}} with BACKOFF
2021-01-09 11:14:52.695 INFO alertHandler - formatMessage: Replacing {{to_state}} with FATAL
2021-01-09 11:14:52.695 INFO alertHandler - formatMessage: Formatted message to: testCrash changed to state FATAL
2021-01-10 21:05:13.374 INFO alertHandler - <module>: Starting alertHandler
2021-01-10 21:05:13.375 WARNING alertHandler - run: Config at /Users/jack/.config/supervisordiscord/config.yaml does not exist.
2021-01-10 21:07:04.809 INFO alertHandler - <module>: Starting alertHandler
2021-01-10 21:07:04.809 WARNING alertHandler - run: Config at /Users/jack/.config/supervisordiscord/config.yaml does not exist.
2021-01-10 21:07:18.205 INFO alertHandler - <module>: Starting alertHandler
2021-01-10 21:07:18.205 WARNING alertHandler - run: Config at /Users/jack/.config/supervisordiscord/config.yaml does not exist.
2021-01-10 21:07:51.819 INFO alertHandler - <module>: Starting alertHandler
2021-01-10 21:07:51.820 WARNING alertHandler - run: Config at /Users/jack/.config/supervisordiscord/config.yaml does not exist.
2021-01-10 21:08:25.875 INFO alertHandler - <module>: Starting alertHandler
2021-01-10 21:08:25.876 WARNING alertHandler - run: Config at /Users/jack/.config/supervisordiscord/config.yaml does not exist.
2021-01-10 21:09:11.102 INFO alertHandler - <module>: Starting alertHandler
2021-01-10 21:09:11.103 WARNING alertHandler - run: Config at /Users/jack/.config/supervisordiscord/config.yaml does not exist.
2021-01-10 21:10:20.496 INFO alertHandler - <module>: Starting alertHandler
2021-01-10 21:10:20.497 WARNING alertHandler - run: Config at /Users/jack/.config/supervisordiscord/config.yaml does not exist.
2021-01-10 21:10:33.793 INFO alertHandler - <module>: Starting alertHandler
2021-01-10 21:10:33.793 WARNING alertHandler - run: Config at /Users/jack/.config/supervisordiscord/config.yaml does not exist.
2021-01-10 21:13:12.168 INFO alertHandler - <module>: Starting alertHandler
2021-01-10 21:13:12.169 WARNING alertHandler - run: Config at /Users/jack/.config/supervisordiscord/config.yaml does not exist.
2021-01-10 21:14:28.514 INFO alertHandler - <module>: Starting alertHandler
2021-01-10 21:14:28.515 INFO alertHandler - run: Using config at /Users/jack/.config/supervisordiscord/config.yaml
2021-01-10 21:14:35.527 INFO alertHandler - <module>: Starting alertHandler
2021-01-10 21:14:35.527 WARNING alertHandler - run: Config at /Users/jack/.config/supervisordiscord/config.yaml does not exist.
2021-01-10 21:15:46.876 INFO alertHandler - <module>: Starting alertHandler
2021-01-10 21:15:46.877 INFO alertHandler - run: Using config at /Users/jack/.config/supervisordiscord/config.yaml
2021-01-10 21:15:46.877 INFO alertHandler - run: None
2021-01-10 21:15:57.179 INFO alertHandler - <module>: Starting alertHandler
2021-01-10 21:15:57.179 WARNING alertHandler - run: Config at /Users/jack/.config/supervisordiscord/config.yaml does not exist. Creating...
2021-01-10 21:15:57.180 INFO alertHandler - run: Created config at /Users/jack/.config/supervisordiscord/config.yaml
2021-01-10 21:17:39.023 INFO alertHandler - <module>: Starting alertHandler
2021-01-10 21:17:39.024 INFO alertHandler - run: Using config at /Users/jack/.config/supervisordiscord/config.yaml
2021-01-10 21:17:39.024 INFO alertHandler - run: None
2021-01-10 21:17:44.849 INFO alertHandler - <module>: Starting alertHandler
2021-01-10 21:17:44.849 WARNING alertHandler - run: Config at /Users/jack/.config/supervisordiscord/config.yaml does not exist. Creating...
2021-01-10 21:17:44.849 INFO alertHandler - run: Created config at /Users/jack/.config/supervisordiscord/config.yaml
2021-01-10 21:17:44.850 INFO alertHandler - run: None
