
Created on: 2020-12-14 19:24 local
    Station file: "GPS_TG_liste_stations.csv"
    Parameter file: "GEODEVA7.seaplan.yaml"
    Boat speed, latency = (8kts, 0.2h)
    Default action times (h)= {'Survey': {'default': 2.0}})

+------------------+-----------------------+--------------+-----------------------+
|    EVENT         |    POSITION           |   TRANSIT    |     STATION TIME      |
| Station | Action |    Lat    |    Lon    | hours(nmiles)|   Arrive  |   Depart  |
+=========+========+===========+===========+==============+===========+===========+
|    *Saturday, 23 November*                                                      |
| Noumea  |        | -22d16.2m | 166d24.6m |  0.2 (  0.0) |   08:12   |  *08:00*  |
+=========+========+===========+===========+==============+===========+===========+
|    *Sunday, 24 November*                                                        |
| VILA    | Survey | -17d43.7m | 168d19.2m | 37.0 (294.7) |   21:02   |   23:02   |
+=========+========+===========+===========+==============+===========+===========+
|    *Monday, 25 November*                                                        |
| ULEI    | Survey | -16d19.8m | 168d18.0m | 13.1 (103.2) |   12:08   |   14:08   |
+=========+========+===========+===========+==============+===========+===========+
|    *Tuesday, 26 November*                                                       |
| Luganvi | Visit  | -15d31.2m | 167d13.2m | 10.8 ( 84.8) |   00:56   |   04:56   |
| AVNA    | Survey | -15d38.6m | 167d05.5m |  1.5 ( 10.5) |   06:26   |   08:26   |
| LISB    | Survey | -15d37.8m | 166d46.2m |  3.3 ( 24.4) |   11:41   |   13:41   |
| TG_Sabi | Survey | -15d57.0m | 166d08.4m |  5.3 ( 41.2) |   19:02   |   21:02   |
+=========+========+===========+===========+==============+===========+===========+
|    *Wednesday, 27 November*                                                     |
| WUSI    | Survey | -15d21.6m | 166d39.6m |  6.2 ( 48.0) |   03:14   |   05:14   |
| TG_Wusi | Survey | -15d22.2m | 166d34.2m |  0.9 (  5.2) |   06:05   |   08:05   |
| WUSI    | Survey | -15d21.6m | 166d39.6m |  0.9 (  5.2) |   08:57   |   10:57   |
| LISB    | Survey | -15d37.8m | 166d46.2m |  3.3 ( 24.7) |   14:14   |   16:14   |
| ESPI    | Survey | -15d58.4m | 167d11.5m |  4.2 ( 31.9) |   20:25   |   22:25   |
+=========+========+===========+===========+==============+===========+===========+
|    *Thursday, 28 November*                                                      |
| SWBY    | Survey | -16d28.8m | 167d27.0m |  5.2 ( 39.7) |   03:35   |   05:35   |
| VILA    | Visit  | -17d43.7m | 168d19.2m | 12.6 ( 99.2) |   18:11   |   02:11   |
+=========+========+===========+===========+==============+===========+===========+
|    *Saturday, 30 November*                                                      |
| Noumea  |        | -22d16.2m | 166d24.6m | 37.0 (294.7) |   15:13   |   16:13   |
+---------+--------+-----------+-----------+--------------+-----------+-----------+
(reStructuredText)
